<?xml version="1.0" encoding="UTF-8"?>
<testsuite xmlns:xsi="http://www.w3.org/2001/XMLSchema-instance" xsi:noNamespaceSchemaLocation="https://maven.apache.org/surefire/maven-surefire-plugin/xsd/surefire-test-report.xsd" name="com.qa.service.repository.RecipeDBRepositoryTest" time="0.097" tests="4" errors="0" skipped="0" failures="4">
  <properties>
    <property name="sun.desktop" value="windows"/>
    <property name="awt.toolkit" value="sun.awt.windows.WToolkit"/>
    <property name="file.encoding.pkg" value="sun.io"/>
    <property name="java.specification.version" value="1.8"/>
    <property name="sun.cpu.isalist" value="amd64"/>
    <property name="sun.jnu.encoding" value="Cp1252"/>
    <property name="java.class.path" value="C:\Users\Sajith\.m2\repository\org\apache\maven\surefire\surefire-booter\2.22.1\surefire-booter-2.22.1.jar;C:\Users\Sajith\.m2\repository\org\apache\maven\surefire\surefire-api\2.22.1\surefire-api-2.22.1.jar;C:\Users\Sajith\.m2\repository\org\apache\maven\surefire\surefire-logger-api\2.22.1\surefire-logger-api-2.22.1.jar;C:\Users\Sajith\eclipse-workspace\recepieapp\target\test-classes;C:\Users\Sajith\eclipse-workspace\recepieapp\target\classes;C:\Users\Sajith\.m2\repository\javax\enterprise\cdi-api\1.2\cdi-api-1.2.jar;C:\Users\Sajith\.m2\repository\javax\inject\javax.inject\1\javax.inject-1.jar;C:\Users\Sajith\.m2\repository\javax\javaee-web-api\7.0\javaee-web-api-7.0.jar;C:\Users\Sajith\.m2\repository\org\jboss\spec\javax\annotation\jboss-annotations-api_1.2_spec\1.0.0.Final\jboss-annotations-api_1.2_spec-1.0.0.Final.jar;C:\Users\Sajith\.m2\repository\org\jboss\spec\javax\ws\rs\jboss-jaxrs-api_2.0_spec\1.0.0.Final\jboss-jaxrs-api_2.0_spec-1.0.0.Final.jar;C:\Users\Sajith\.m2\repository\org\hibernate\javax\persistence\hibernate-jpa-2.1-api\1.0.0.Final\hibernate-jpa-2.1-api-1.0.0.Final.jar;C:\Users\Sajith\.m2\repository\org\jboss\spec\javax\ejb\jboss-ejb-api_3.2_spec\1.0.0.Final\jboss-ejb-api_3.2_spec-1.0.0.Final.jar;C:\Users\Sajith\.m2\repository\org\hibernate\hibernate-validator\5.2.4.Final\hibernate-validator-5.2.4.Final.jar;C:\Users\Sajith\.m2\repository\javax\validation\validation-api\1.1.0.Final\validation-api-1.1.0.Final.jar;C:\Users\Sajith\.m2\repository\org\jboss\logging\jboss-logging\3.3.0.Final\jboss-logging-3.3.0.Final.jar;C:\Users\Sajith\.m2\repository\com\fasterxml\classmate\1.1.0\classmate-1.1.0.jar;C:\Users\Sajith\.m2\repository\org\hibernate\hibernate-core\5.0.10.Final\hibernate-core-5.0.10.Final.jar;C:\Users\Sajith\.m2\repository\org\javassist\javassist\3.18.1-GA\javassist-3.18.1-GA.jar;C:\Users\Sajith\.m2\repository\antlr\antlr\2.7.7\antlr-2.7.7.jar;C:\Users\Sajith\.m2\repository\org\apache\geronimo\specs\geronimo-jta_1.1_spec\1.1.1\geronimo-jta_1.1_spec-1.1.1.jar;C:\Users\Sajith\.m2\repository\org\jboss\jandex\2.0.0.Final\jandex-2.0.0.Final.jar;C:\Users\Sajith\.m2\repository\dom4j\dom4j\1.6.1\dom4j-1.6.1.jar;C:\Users\Sajith\.m2\repository\org\hibernate\common\hibernate-commons-annotations\5.0.1.Final\hibernate-commons-annotations-5.0.1.Final.jar;C:\Users\Sajith\.m2\repository\com\google\code\gson\gson\2.7\gson-2.7.jar;C:\Users\Sajith\.m2\repository\log4j\log4j\1.2.17\log4j-1.2.17.jar;C:\Users\Sajith\.m2\repository\org\mockito\mockito-all\1.9.5\mockito-all-1.9.5.jar;C:\Users\Sajith\.m2\repository\junit\junit\4.12\junit-4.12.jar;C:\Users\Sajith\.m2\repository\org\hamcrest\hamcrest-core\1.3\hamcrest-core-1.3.jar;C:\Users\Sajith\.m2\repository\com\squareup\okhttp3\okhttp\3.11.0\okhttp-3.11.0.jar;C:\Users\Sajith\.m2\repository\com\squareup\okio\okio\2.1.0\okio-2.1.0.jar;C:\Users\Sajith\.m2\repository\org\jetbrains\kotlin\kotlin-stdlib\1.2.60\kotlin-stdlib-1.2.60.jar;C:\Users\Sajith\.m2\repository\org\jetbrains\kotlin\kotlin-stdlib-common\1.2.60\kotlin-stdlib-common-1.2.60.jar;C:\Users\Sajith\.m2\repository\org\jetbrains\annotations\13.0\annotations-13.0.jar;C:\Users\Sajith\.m2\repository\org\apache\maven\surefire\surefire-junit4\2.22.1\surefire-junit4-2.22.1.jar"/>
    <property name="java.vm.vendor" value="Oracle Corporation"/>
    <property name="sun.arch.data.model" value="64"/>
    <property name="user.variant" value=""/>
    <property name="java.vendor.url" value="http://java.oracle.com/"/>
    <property name="user.timezone" value="Europe/London"/>
    <property name="java.vm.specification.version" value="1.8"/>
    <property name="os.name" value="Windows 10"/>
    <property name="user.country" value="GB"/>
    <property name="sun.java.launcher" value="SUN_STANDARD"/>
    <property name="sun.boot.library.path" value="C:\Program Files\Java\jre1.8.0_202\bin"/>
    <property name="sun.java.command" value="org.apache.maven.surefire.booter.ForkedBooter C:\Users\Sajith\AppData\Local\Temp\surefire6894045711959386021 2019-04-10T15-06-21_390-jvmRun1 surefire8333078200174412589tmp surefire_03892021491838298973tmp"/>
    <property name="surefire.test.class.path" value="C:\Users\Sajith\eclipse-workspace\recepieapp\target\test-classes;C:\Users\Sajith\eclipse-workspace\recepieapp\target\classes;C:\Users\Sajith\.m2\repository\javax\enterprise\cdi-api\1.2\cdi-api-1.2.jar;C:\Users\Sajith\.m2\repository\javax\inject\javax.inject\1\javax.inject-1.jar;C:\Users\Sajith\.m2\repository\javax\javaee-web-api\7.0\javaee-web-api-7.0.jar;C:\Users\Sajith\.m2\repository\org\jboss\spec\javax\annotation\jboss-annotations-api_1.2_spec\1.0.0.Final\jboss-annotations-api_1.2_spec-1.0.0.Final.jar;C:\Users\Sajith\.m2\repository\org\jboss\spec\javax\ws\rs\jboss-jaxrs-api_2.0_spec\1.0.0.Final\jboss-jaxrs-api_2.0_spec-1.0.0.Final.jar;C:\Users\Sajith\.m2\repository\org\hibernate\javax\persistence\hibernate-jpa-2.1-api\1.0.0.Final\hibernate-jpa-2.1-api-1.0.0.Final.jar;C:\Users\Sajith\.m2\repository\org\jboss\spec\javax\ejb\jboss-ejb-api_3.2_spec\1.0.0.Final\jboss-ejb-api_3.2_spec-1.0.0.Final.jar;C:\Users\Sajith\.m2\repository\org\hibernate\hibernate-validator\5.2.4.Final\hibernate-validator-5.2.4.Final.jar;C:\Users\Sajith\.m2\repository\javax\validation\validation-api\1.1.0.Final\validation-api-1.1.0.Final.jar;C:\Users\Sajith\.m2\repository\org\jboss\logging\jboss-logging\3.3.0.Final\jboss-logging-3.3.0.Final.jar;C:\Users\Sajith\.m2\repository\com\fasterxml\classmate\1.1.0\classmate-1.1.0.jar;C:\Users\Sajith\.m2\repository\org\hibernate\hibernate-core\5.0.10.Final\hibernate-core-5.0.10.Final.jar;C:\Users\Sajith\.m2\repository\org\javassist\javassist\3.18.1-GA\javassist-3.18.1-GA.jar;C:\Users\Sajith\.m2\repository\antlr\antlr\2.7.7\antlr-2.7.7.jar;C:\Users\Sajith\.m2\repository\org\apache\geronimo\specs\geronimo-jta_1.1_spec\1.1.1\geronimo-jta_1.1_spec-1.1.1.jar;C:\Users\Sajith\.m2\repository\org\jboss\jandex\2.0.0.Final\jandex-2.0.0.Final.jar;C:\Users\Sajith\.m2\repository\dom4j\dom4j\1.6.1\dom4j-1.6.1.jar;C:\Users\Sajith\.m2\repository\org\hibernate\common\hibernate-commons-annotations\5.0.1.Final\hibernate-commons-annotations-5.0.1.Final.jar;C:\Users\Sajith\.m2\repository\com\google\code\gson\gson\2.7\gson-2.7.jar;C:\Users\Sajith\.m2\repository\log4j\log4j\1.2.17\log4j-1.2.17.jar;C:\Users\Sajith\.m2\repository\org\mockito\mockito-all\1.9.5\mockito-all-1.9.5.jar;C:\Users\Sajith\.m2\repository\junit\junit\4.12\junit-4.12.jar;C:\Users\Sajith\.m2\repository\org\hamcrest\hamcrest-core\1.3\hamcrest-core-1.3.jar;C:\Users\Sajith\.m2\repository\com\squareup\okhttp3\okhttp\3.11.0\okhttp-3.11.0.jar;C:\Users\Sajith\.m2\repository\com\squareup\okio\okio\2.1.0\okio-2.1.0.jar;C:\Users\Sajith\.m2\repository\org\jetbrains\kotlin\kotlin-stdlib\1.2.60\kotlin-stdlib-1.2.60.jar;C:\Users\Sajith\.m2\repository\org\jetbrains\kotlin\kotlin-stdlib-common\1.2.60\kotlin-stdlib-common-1.2.60.jar;C:\Users\Sajith\.m2\repository\org\jetbrains\annotations\13.0\annotations-13.0.jar;"/>
    <property name="sun.cpu.endian" value="little"/>
    <property name="user.home" value="C:\Users\Sajith"/>
    <property name="user.language" value="en"/>
    <property name="java.specification.vendor" value="Oracle Corporation"/>
    <property name="java.home" value="C:\Program Files\Java\jre1.8.0_202"/>
    <property name="basedir" value="C:\Users\Sajith\eclipse-workspace\recepieapp"/>
    <property name="file.separator" value="\"/>
    <property name="line.separator" value="&#10;"/>
    <property name="java.vm.specification.vendor" value="Oracle Corporation"/>
    <property name="java.specification.name" value="Java Platform API Specification"/>
    <property name="java.awt.graphicsenv" value="sun.awt.Win32GraphicsEnvironment"/>
    <property name="sun.boot.class.path" value="C:\Program Files\Java\jre1.8.0_202\lib\resources.jar;C:\Program Files\Java\jre1.8.0_202\lib\rt.jar;C:\Program Files\Java\jre1.8.0_202\lib\sunrsasign.jar;C:\Program Files\Java\jre1.8.0_202\lib\jsse.jar;C:\Program Files\Java\jre1.8.0_202\lib\jce.jar;C:\Program Files\Java\jre1.8.0_202\lib\charsets.jar;C:\Program Files\Java\jre1.8.0_202\lib\jfr.jar;C:\Program Files\Java\jre1.8.0_202\classes"/>
    <property name="user.script" value=""/>
    <property name="sun.management.compiler" value="HotSpot 64-Bit Tiered Compilers"/>
    <property name="java.runtime.version" value="1.8.0_202-b08"/>
    <property name="user.name" value="Sajith"/>
    <property name="path.separator" value=";"/>
    <property name="os.version" value="10.0"/>
    <property name="java.endorsed.dirs" value="C:\Program Files\Java\jre1.8.0_202\lib\endorsed"/>
    <property name="java.runtime.name" value="Java(TM) SE Runtime Environment"/>
    <property name="file.encoding" value="Cp1252"/>
    <property name="java.vm.name" value="Java HotSpot(TM) 64-Bit Server VM"/>
    <property name="localRepository" value="C:\Users\Sajith\.m2\repository"/>
    <property name="java.vendor.url.bug" value="http://bugreport.sun.com/bugreport/"/>
    <property name="java.io.tmpdir" value="C:\Users\Sajith\AppData\Local\Temp\"/>
    <property name="java.version" value="1.8.0_202"/>
    <property name="user.dir" value="C:\Users\Sajith\eclipse-workspace\recepieapp"/>
    <property name="os.arch" value="amd64"/>
    <property name="java.vm.specification.name" value="Java Virtual Machine Specification"/>
    <property name="java.awt.printerjob" value="sun.awt.windows.WPrinterJob"/>
    <property name="sun.os.patch.level" value=""/>
    <property name="java.library.path" value="C:\Program Files\Java\jre1.8.0_202\bin;C:\WINDOWS\Sun\Java\bin;C:\WINDOWS\system32;C:\WINDOWS;C:/Program Files/Java/jre1.8.0_202/bin/server;C:/Program Files/Java/jre1.8.0_202/bin;C:/Program Files/Java/jre1.8.0_202/lib/amd64;C:\Program Files (x86)\Common Files\Oracle\Java\javapath;C:\Program Files (x86)\Razer Chroma SDK\bin;C:\Program Files\Razer Chroma SDK\bin;C:\Program Files (x86)\Intel\iCLS Client\;C:\Program Files\Intel\iCLS Client\;C:\Windows\system32;C:\Windows;C:\Windows\System32\Wbem;C:\Windows\System32\WindowsPowerShell\v1.0\;C:\Program Files (x86)\Intel\Intel(R) Management Engine Components\DAL;C:\Program Files\Intel\Intel(R) Management Engine Components\DAL;C:\Program Files (x86)\Intel\Intel(R) Management Engine Components\IPT;C:\Program Files\Intel\Intel(R) Management Engine Components\IPT;C:\Users\Administrator\AppData\Local\Microsoft\WindowsApps;C:\WINDOWS\system32;C:\WINDOWS;C:\WINDOWS\System32\Wbem;C:\WINDOWS\System32\WindowsPowerShell\v1.0\;C:\Program Files\MATLAB\R2017b\bin;C:\WINDOWS\System32\OpenSSH\;C:\Program Files\MySQL\MySQL Utilities 1.6\;C:\Program Files\Git\cmd;C:\Users\Sajith\apache-maven-3.6.0-bin\apache-maven-3.6.0\bin;C:\Users\Sajith\AppData\Local\Microsoft\WindowsApps;C:\Program Files (x86)\StreamingApps\Python35-32\Scripts\;C:\Program Files (x86)\StreamingApps\Python35-32\;C:\ProgramData\Oracle\Java\javapath;C:\WINDOWS\system32;C:\Windows;C:\WINDOWS\system32\Wbem;C:\WINDOWS\system32\WindowsPowerShell\v1.0\;;C:\Users\Sajith\external apllication\eclipse\java-2019-03\eclipse;;."/>
    <property name="java.vm.info" value="mixed mode"/>
    <property name="java.vendor" value="Oracle Corporation"/>
    <property name="java.vm.version" value="25.202-b08"/>
    <property name="java.ext.dirs" value="C:\Program Files\Java\jre1.8.0_202\lib\ext;C:\WINDOWS\Sun\Java\lib\ext"/>
    <property name="sun.io.unicode.encoding" value="UnicodeLittle"/>
    <property name="java.class.version" value="52.0"/>
  </properties>
  <testcase name="testCreateRecipe" classname="com.qa.service.repository.RecipeDBRepositoryTest" time="0.043">
    <failure message="expected:&lt;{&quot;message&quot;: &quot;[movi]e has been sucessful...&gt; but was:&lt;{&quot;message&quot;: &quot;[recip]e has been sucessful...&gt;" type="org.junit.ComparisonFailure"><![CDATA[org.junit.ComparisonFailure: expected:<{"message": "[movi]e has been sucessful...> but was:<{"message": "[recip]e has been sucessful...>
	at com.qa.service.repository.RecipeDBRepositoryTest.testCreateRecipe(RecipeDBRepositoryTest.java:70)
]]></failure>
  </testcase>
  <testcase name="testDeleteRecipe" classname="com.qa.service.repository.RecipeDBRepositoryTest" time="0.003">
    <failure message="expected:&lt;{&quot;message&quot;: &quot;[movi]e sucessfully delete...&gt; but was:&lt;{&quot;message&quot;: &quot;[recip]e sucessfully delete...&gt;" type="org.junit.ComparisonFailure"><![CDATA[org.junit.ComparisonFailure: expected:<{"message": "[movi]e sucessfully delete...> but was:<{"message": "[recip]e sucessfully delete...>
	at com.qa.service.repository.RecipeDBRepositoryTest.testDeleteRecipe(RecipeDBRepositoryTest.java:75)
]]></failure>
  </testcase>
  <testcase name="testGetAllMovies" classname="com.qa.service.repository.RecipeDBRepositoryTest" time="0.004">
    <failure message="expected:&lt;...owner&quot;:&quot;Chester&quot;,&quot;de[]cription&quot;:&quot;Plain pas...&gt; but was:&lt;...owner&quot;:&quot;Chester&quot;,&quot;de[s]cription&quot;:&quot;Plain pas...&gt;" type="org.junit.ComparisonFailure"><![CDATA[org.junit.ComparisonFailure: expected:<...owner":"Chester","de[]cription":"Plain pas...> but was:<...owner":"Chester","de[s]cription":"Plain pas...>
	at com.qa.service.repository.RecipeDBRepositoryTest.testGetAllMovies(RecipeDBRepositoryTest.java:55)
]]></failure>
    <system-out><![CDATA[[{"name":"Pasta","owner":"Chester","description":"Plain pasta"}]
]]></system-out>
  </testcase>
  <testcase name="testCycleRecipes" classname="com.qa.service.repository.RecipeDBRepositoryTest" time="0.044">
    <failure message="expected:&lt;1&gt; but was:&lt;0&gt;" type="java.lang.AssertionError"><![CDATA[java.lang.AssertionError: expected:<1> but was:<0>
	at com.qa.service.repository.RecipeDBRepositoryTest.testCycleRecipes(RecipeDBRepositoryTest.java:65)
]]></failure>
  </testcase>
</testsuite>